SF:lib\pages\ToDoListPage.dart
DA:13,5
DA:19,4
DA:20,4
DA:27,4
DA:29,4
DA:30,14
DA:33,3
DA:34,6
DA:35,6
DA:39,4
DA:40,8
DA:41,16
DA:42,8
DA:44,12
DA:47,4
DA:48,8
DA:49,8
DA:53,4
DA:54,16
DA:55,4
DA:57,4
DA:58,4
DA:59,4
DA:60,4
DA:61,4
DA:62,4
DA:64,4
DA:66,4
DA:67,4
DA:68,4
DA:69,3
DA:70,4
DA:72,4
DA:73,4
DA:74,4
DA:75,8
DA:76,12
DA:77,4
DA:79,8
DA:81,4
DA:89,4
DA:90,4
DA:91,4
DA:92,4
DA:93,4
DA:94,4
DA:95,4
DA:96,3
DA:102,4
DA:104,4
DA:105,4
DA:106,4
DA:107,4
DA:108,12
DA:113,4
DA:114,4
DA:115,4
DA:116,4
DA:118,4
DA:120,4
DA:122,4
DA:131,4
DA:132,4
DA:133,12
DA:134,4
DA:135,4
DA:137,4
DA:138,4
DA:139,4
DA:140,4
DA:141,4
DA:142,4
DA:143,16
DA:144,16
DA:145,6
DA:146,8
DA:147,8
DA:161,4
DA:162,4
DA:163,4
DA:164,4
DA:165,4
DA:166,4
DA:167,4
DA:169,4
DA:170,4
LF:86
LH:86
end_of_record
SF:lib\logic\ToDoListLogic.dart
DA:4,6
DA:6,0
DA:7,0
DA:10,3
DA:11,9
DA:14,3
DA:15,6
DA:18,3
DA:19,18
DA:22,3
DA:23,9
LF:11
LH:9
end_of_record
SF:lib\pages\ToDoPageButton.dart
DA:9,4
DA:16,4
DA:18,4
DA:20,4
DA:22,4
DA:24,4
DA:25,4
DA:26,4
DA:27,4
DA:28,4
DA:32,4
DA:34,4
DA:35,4
DA:36,4
DA:38,4
DA:41,4
DA:42,4
DA:44,4
LF:18
LH:18
end_of_record
SF:lib\pages\ToDoPageBox.dart
DA:12,4
DA:22,4
DA:24,4
DA:26,4
DA:27,4
DA:28,4
DA:29,4
DA:31,4
DA:32,4
DA:33,4
DA:34,4
DA:35,4
DA:38,4
DA:39,4
DA:40,4
DA:43,4
DA:47,4
DA:48,12
DA:49,4
DA:50,12
DA:51,12
DA:53,4
DA:54,8
DA:55,4
DA:57,4
DA:58,12
DA:60,4
DA:62,4
DA:63,12
LF:29
LH:29
end_of_record
SF:lib\pages\ToDoPageDialogButtons.dart
DA:8,4
DA:12,4
DA:14,4
DA:16,4
DA:17,4
DA:18,8
DA:19,8
LF:7
LH:7
end_of_record
SF:lib\MyApp.dart
DA:7,0
DA:10,0
DA:12,0
DA:14,0
DA:15,0
LF:5
LH:0
end_of_record
SF:lib\firebase_options.dart
DA:18,0
DA:22,0
DA:23,0
DA:25,0
DA:26,0
DA:30,0
DA:31,0
DA:35,0
DA:37,0
DA:38,0
DA:43,0
LF:11
LH:0
end_of_record
SF:lib\NavigationBar.dart
DA:9,2
DA:13,1
DA:14,1
DA:20,1
DA:21,2
DA:22,1
DA:34,1
DA:36,1
DA:37,3
DA:38,1
DA:39,1
DA:40,1
DA:42,1
DA:44,2
DA:45,2
DA:46,2
DA:47,2
LF:17
LH:17
end_of_record
SF:lib\LogIn.dart
DA:4,0
DA:6,0
DA:7,0
DA:11,0
DA:13,0
LF:5
LH:0
end_of_record
SF:lib\pages\LogInPage.dart
DA:12,0
DA:14,0
DA:16,0
DA:17,0
DA:18,0
DA:25,2
DA:27,0
DA:28,0
DA:38,0
DA:40,0
DA:42,0
DA:43,0
DA:44,0
DA:45,0
DA:46,0
DA:48,0
DA:54,0
DA:55,0
DA:56,0
DA:58,0
DA:59,0
DA:64,0
DA:65,0
DA:67,0
DA:69,0
DA:73,0
DA:74,0
DA:76,0
DA:77,0
DA:78,0
DA:79,0
DA:81,0
DA:83,0
DA:84,0
DA:85,0
DA:86,0
DA:89,0
DA:95,0
DA:96,0
DA:98,0
DA:99,0
DA:100,0
DA:101,0
DA:103,0
DA:105,0
DA:106,0
DA:107,0
DA:109,0
DA:112,0
DA:118,0
DA:119,0
DA:121,0
DA:122,0
DA:123,0
DA:124,0
DA:125,0
DA:126,0
DA:128,0
DA:129,0
DA:130,0
DA:131,0
DA:136,0
DA:137,0
DA:138,0
DA:139,0
DA:142,0
DA:144,0
DA:148,0
DA:149,0
DA:151,0
DA:152,0
DA:153,0
DA:154,0
DA:155,0
DA:157,0
DA:160,0
DA:162,0
DA:177,0
DA:183,0
DA:185,0
DA:186,0
DA:187,0
DA:190,0
DA:191,0
DA:192,0
DA:193,0
DA:194,0
DA:196,0
DA:202,0
DA:203,0
DA:204,0
DA:206,0
DA:207,0
DA:212,0
DA:213,0
DA:215,0
DA:217,0
DA:221,0
DA:222,0
DA:224,0
DA:225,0
DA:226,0
DA:227,0
DA:229,0
DA:231,0
DA:232,0
DA:233,0
DA:236,0
DA:242,0
DA:243,0
DA:245,0
DA:246,0
DA:247,0
DA:248,0
DA:250,0
DA:252,0
DA:253,0
DA:255,0
DA:258,0
DA:264,0
DA:265,0
DA:267,0
DA:268,0
DA:269,0
DA:270,0
DA:272,0
DA:274,0
DA:275,0
DA:277,0
DA:280,0
DA:286,0
DA:287,0
DA:289,0
DA:290,0
DA:291,0
DA:292,0
DA:293,0
DA:294,0
DA:296,0
DA:297,0
DA:298,0
DA:299,0
DA:306,0
DA:307,0
DA:308,0
DA:309,0
DA:312,0
DA:314,0
DA:318,0
LF:149
LH:1
end_of_record
SF:lib\pages\CalendarPage.dart
DA:6,1
DA:10,0
DA:11,0
DA:17,0
DA:18,0
DA:19,0
DA:20,0
DA:21,0
DA:22,0
DA:24,0
DA:26,0
DA:28,0
DA:29,0
DA:33,0
DA:34,0
DA:41,0
DA:42,0
DA:43,0
DA:44,0
DA:46,0
DA:47,0
DA:48,0
DA:50,0
DA:51,0
DA:52,0
DA:56,0
DA:66,0
DA:69,0
DA:70,0
DA:71,0
DA:73,0
DA:74,0
DA:75,0
DA:77,0
DA:78,0
DA:79,0
DA:80,0
DA:82,0
DA:83,0
DA:85,0
DA:86,0
DA:87,0
DA:88,0
DA:89,0
DA:91,0
LF:45
LH:1
end_of_record
SF:lib\pages\DiaryPage.dart
DA:8,1
DA:11,1
DA:12,1
DA:20,1
DA:21,2
DA:22,2
DA:26,1
DA:28,1
DA:30,1
DA:31,1
DA:33,1
DA:37,1
DA:39,1
DA:41,1
DA:43,1
DA:46,1
DA:56,1
DA:57,1
DA:59,1
DA:62,1
DA:63,1
DA:64,1
DA:65,1
DA:66,1
DA:67,1
DA:70,1
DA:75,1
DA:76,1
DA:99,1
DA:100,1
LF:30
LH:30
end_of_record
SF:lib\pages\ProfilePage.dart
DA:6,1
DA:10,0
DA:11,0
DA:17,0
DA:19,0
DA:20,0
DA:23,0
DA:24,0
DA:27,0
DA:29,0
DA:30,0
DA:31,0
DA:32,0
DA:34,0
DA:35,0
DA:36,0
DA:37,0
DA:38,0
DA:39,0
DA:47,0
DA:48,0
DA:51,0
DA:52,0
DA:54,0
DA:56,0
DA:57,0
DA:58,0
DA:59,0
DA:61,0
DA:62,0
DA:64,0
DA:66,0
DA:67,0
DA:69,0
DA:71,0
DA:72,0
DA:73,0
DA:74,0
DA:78,0
LF:39
LH:1
end_of_record
SF:lib\Services\auth_services.dart
DA:10,0
DA:15,0
DA:17,0
DA:28,0
DA:33,0
DA:35,0
DA:37,0
DA:40,0
DA:51,0
DA:58,0
DA:64,0
DA:66,0
DA:68,0
DA:71,0
DA:85,0
DA:88,0
DA:89,0
DA:90,0
DA:92,0
DA:93,0
LF:20
LH:0
end_of_record
